1653156329478	geckodriver	INFO	Listening on 127.0.0.1:55155
1653156332518	mozrunner::runner	INFO	Running command: "C:\\Program Files\\Mozilla Firefox\\firefox.exe" "--marionette" "--remote-debugging-port" "55156" "--remote-allow-hosts" "localhost" "-no-remote" "-profile" "C:\\Users\\chetr\\AppData\\Local\\Temp\\rust_mozprofile3FpP08"
1653156333268	Marionette	INFO	Marionette enabled
console.warn: SearchSettings: "get: No settings file exists, new profile?" (new NotFoundError("Could not open the file at C:\\Users\\chetr\\AppData\\Local\\Temp\\rust_mozprofile3FpP08\\search.json.mozlz4", (void 0)))
DevTools listening on ws://localhost:55156/devtools/browser/ddb30532-fbdc-4320-9f5d-c41dc2ca1465
1653156337426	Marionette	INFO	Listening on port 55180
Read port: 55180
1653156337964	RemoteAgent	WARN	TLS certificate errors will be ignored for this session
1653162097114	Marionette	INFO	Stopped listening on port 55180
console.warn: TopSitesFeed: Failed to fetch data from Contile server: NetworkError when attempting to fetch resource.
[Parent 11220, IPC I/O Parent] WARNING: file /builds/worker/checkouts/gecko/ipc/chromium/src/base/process_util_win.cc:167
\\Temp\\rust_mozprofileHIxAyH"
1653159056679	Marionette	INFO	Marionette enabled
console.warn: SearchSettings: "get: No settings file exists, new profile?" (new NotFoundError("Could not open the file at C:\\Users\\chetr\\AppData\\Local\\Temp\\rust_mozprofileHIxAyH\\search.json.mozlz4", (void 0)))
DevTools listening on ws://localhost:55916/devtools/browser/836ce874-bf67-40d0-a0b7-a8cbbc00b03e
1653159058907	Marionette	INFO	Listening on port 55938
Read port: 55938
1653159058958	RemoteAgent	WARN	TLS certificate errors will be ignored for this session
JavaScript error: , line 0: NS_ERROR_NOT_AVAILABLE
1:52263
1653159162446	mozrunner::runner	INFO	Running command: "C:\\Program Files\\Mozilla Firefox\\firefox.exe" "--marionette" "--remote-debugging-port" "52264" "--remote-allow-hosts" "localhost" "-no-remote" "-profile" "C:\\Users\\chetr\\AppData\\Local\\Temp\\rust_mozprofileYdyYBP"
1653159162790	Marionette	INFO	Marionette enabled
console.warn: SearchSettings: "get: No settings file exists, new profile?" (new NotFoundError("Could not open the file at C:\\Users\\chetr\\AppData\\Local\\Temp\\rust_mozprofileYdyYBP\\search.json.mozlz4", (void 0)))
DevTools listening on ws://localhost:52264/devtools/browser/2e7d26f5-95e2-46c1-8d54-a81e7eed505e
1653159164926	Marionette	INFO	Listening on port 52287
Read port: 52287
1653159164959	RemoteAgent	WARN	TLS certificate errors will be ignored for this session
1653159229338	Marionette	INFO	Stopped listening on port 52287
console.warn: TopSitesFeed: Failed to fetch data from Contile server: NetworkError when attempting to fetch resource.

###!!! [Parent][PGPUParent] Error: RunMessage(msgname=PGPU::Msg_ShutdownVR) Channel closing: too late to send/recv, messages will be lost

1653159247227	geckodriver	INFO	Listening on 127.0.0.1:52339
1653159250303	mozrunner::runner	INFO	Running command: "C:\\Program Files\\Mozilla Firefox\\firefox.exe" "--marionette" "--remote-debugging-port" "52340" "--remote-allow-hosts" "localhost" "-no-remote" "-profile" "C:\\Users\\chetr\\AppData\\Local\\Temp\\rust_mozprofiledH9RsT"
1653159250658	Marionette	INFO	Marionette enabled
console.warn: SearchSettings: "get: No settings file exists, new profile?" (new NotFoundError("Could not open the file at C:\\Users\\chetr\\AppData\\Local\\Temp\\rust_mozprofiledH9RsT\\search.json.mozlz4", (void 0)))
DevTools listening on ws://localhost:52340/devtools/browser/0a56454b-7651-4455-ae72-435994d92bfc
1653159252829	Marionette	INFO	Listening on port 52362
Read port: 52362
1653159252942	RemoteAgent	WARN	TLS certificate errors will be ignored for this session
1653159367356	Marionette	INFO	Stopped listening on port 52362
console.warn: TopSitesFeed: Failed to fetch data from Contile server: NetworkError when attempting to fetch resource.
remote-debugging-port" "52457" "--remote-allow-hosts" "localhost" "-no-remote" "-profile" "C:\\Users\\chetr\\AppData\\Local\\Temp\\rust_mozprofilefkT5fl"
1653159352337	Marionette	INFO	Marionette enabled
console.warn: SearchSettings: "get: No settings file exists, new profile?" (new NotFoundError("Could not open the file at C:\\Users\\chetr\\AppData\\Local\\Temp\\rust_mozprofilefkT5fl\\search.json.mozlz4", (void 0)))
DevTools listening on ws://localhost:52457/devtools/browser/7246f4cf-46ba-4b39-b5eb-5e5a32829b50
1653159354594	Marionette	INFO	Listening on port 52480
Read port: 52480
1653159354698	RemoteAgent	WARN	TLS certificate errors will be ignored for this session
1653159364122	Marionette	INFO	Stopped listening on port 52480
console.warn: TopSitesFeed: Failed to fetch data from Contile server: NetworkError when attempting to fetch resource.

###!!! [Parent][PGPUParent] Error: RunMessage(msgname=PGPU::Msg_ShutdownVR) Channel closing: too late to send/recv, messages will be lost

1653162079626	geckodriver	INFO	Listening on 127.0.0.1:52972
1653162082703	mozrunner::runner	INFO	Running command: "C:\\Program Files\\Mozilla Firefox\\firefox.exe" "--marionette" "--remote-debugging-port" "52973" "--remote-allow-hosts" "localhost" "-no-remote" "-profile" "C:\\Users\\chetr\\AppData\\Local\\Temp\\rust_mozprofileBM6sO6"
1653162083073	Marionette	INFO	Marionette enabled
console.warn: SearchSettings: "get: No settings file exists, new profile?" (new NotFoundError("Could not open the file at C:\\Users\\chetr\\AppData\\Local\\Temp\\rust_mozprofileBM6sO6\\search.json.mozlz4", (void 0)))
DevTools listening on ws://localhost:52973/devtools/browser/1aa7083e-d487-4284-ae28-0bbc26dcff0a
1653162085417	Marionette	INFO	Listening on port 52998
Read port: 52998
1653162085543	RemoteAgent	WARN	TLS certificate errors will be ignored for this session
JavaScript error: , line 0: NS_ERROR_NOT_AVAILABLE
console.warn: LoginRecipes: "getRecipes: falling back to a synchronous message for:" "https://github.com"
console.warn: LoginRecipes: "getRecipes: falling back to a synchronous message for:" "https://github.com"
JavaScript error: resource://gre/modules/LoginManagerParent.jsm, line 136: TypeError: gRecipeManager is null
 enabled
console.warn: SearchSettings: "get: No settings file exists, new profile?" (new NotFoundError("Could not open the file at C:\\Users\\chetr\\AppData\\Local\\Temp\\rust_mozprofileiPgaNI\\search.json.mozlz4", (void 0)))
DevTools listening on ws://localhost:51752/devtools/browser/c2cc84d0-2204-43d2-84b7-dcd77b2be470
1653188239038	Marionette	INFO	Listening on port 51775
Read port: 51775
1653188239171	RemoteAgent	WARN	TLS certificate errors will be ignored for this session
1653188239880	Marionette	INFO	Stopped listening on port 51775
JavaScript error: resource://services-settings/Utils.jsm, line 153: TypeError: NetworkError: Network request failed
1653260527527	geckodriver	INFO	Listening on 127.0.0.1:54656
1653260530606	mozrunner::runner	INFO	Running command: "C:\\Program Files\\Mozilla Firefox\\firefox.exe" "--marionette" "--remote-debugging-port" "54657" "--remote-allow-hosts" "localhost" "-no-remote" "-profile" "C:\\Users\\chetr\\AppData\\Local\\Temp\\rust_mozprofileDkecEC"
1653260531652	Marionette	INFO	Marionette enabled
console.warn: SearchSettings: "get: No settings file exists, new profile?" (new NotFoundError("Could not open the file at C:\\Users\\chetr\\AppData\\Local\\Temp\\rust_mozprofileDkecEC\\search.json.mozlz4", (void 0)))
DevTools listening on ws://localhost:54657/devtools/browser/fb5facc8-d7a3-4748-bdfa-7dd13ff4fd96
1653260535820	Marionette	INFO	Listening on port 54681
Read port: 54681
1653260535984	RemoteAgent	WARN	TLS certificate errors will be ignored for this session
1653260537348	Marionette	INFO	Stopped listening on port 54681
1653271768718	geckodriver	INFO	Listening on 127.0.0.1:56500
1653271771771	mozrunner::runner	INFO	Running command: "C:\\Program Files\\Mozilla Firefox\\firefox.exe" "--marionette" "--remote-debugging-port" "56501" "--remote-allow-hosts" "localhost" "-no-remote" "-profile" "C:\\Users\\chetr\\AppData\\Local\\Temp\\rust_mozprofileaKsZlz"
1653271772744	Marionette	INFO	Marionette enabled
console.warn: SearchSettings: "get: No settings file exists, new profile?" (new NotFoundError("Could not open the file at C:\\Users\\chetr\\AppData\\Local\\Temp\\rust_mozprofileaKsZlz\\search.json.mozlz4", (void 0)))
DevTools listening on ws://localhost:56501/devtools/browser/640c7221-2c83-437a-b953-b3f2368ce219
1653271782565	Marionette	INFO	Listening on port 56533
Read port: 56533
1653271782942	RemoteAgent	WARN	TLS certificate errors will be ignored for this session
1653271791793	Marionette	INFO	Stopped listening on port 56533
1653271836815	geckodriver	INFO	Listening on 127.0.0.1:56604
1653271839876	mozrunner::runner	INFO	Running command: "C:\\Program Files\\Mozilla Firefox\\firefox.exe" "--marionette" "--remote-debugging-port" "56605" "--remote-allow-hosts" "localhost" "-no-remote" "-profile" "C:\\Users\\chetr\\AppData\\Local\\Temp\\rust_mozprofilec6C68N"
1653271840956	Marionette	INFO	Marionette enabled
console.warn: SearchSettings: "get: No settings file exists, new profile?" (new NotFoundError("Could not open the file at C:\\Users\\chetr\\AppData\\Local\\Temp\\rust_mozprofilec6C68N\\search.json.mozlz4", (void 0)))
DevTools listening on ws://localhost:56605/devtools/browser/f6598003-33ce-4c16-8ca3-cd308a00fff3
1653271865784	Marionette	INFO	Listening on port 56638
Read port: 56638
1653271866087	RemoteAgent	WARN	TLS certificate errors will be ignored for this session
1653271874401	Marionette	INFO	Stopped listening on port 56638
1653273109071	geckodriver	INFO	Listening on 127.0.0.1:56971
1653273112132	mozrunner::runner	INFO	Running command: "C:\\Program Files\\Mozilla Firefox\\firefox.exe" "--marionette" "--remote-debugging-port" "56972" "--remote-allow-hosts" "localhost" "-no-remote" "-profile" "C:\\Users\\chetr\\AppData\\Local\\Temp\\rust_mozprofilexMY8qt"
1653273141392	geckodriver	INFO	Listening on 127.0.0.1:56986
1653273144433	mozrunner::runner	INFO	Running command: "C:\\Program Files\\Mozilla Firefox\\firefox.exe" "--marionette" "--remote-debugging-port" "56987" "--remote-allow-hosts" "localhost" "-no-remote" "-profile" "C:\\Users\\chetr\\AppData\\Local\\Temp\\rust_mozprofile6amqaF"
1653273145680	Marionette	INFO	Marionette enabled
console.warn: SearchSettings: "get: No settings file exists, new profile?" (new NotFoundError("Could not open the file at C:\\Users\\chetr\\AppData\\Local\\Temp\\rust_mozprofile6amqaF\\search.json.mozlz4", (void 0)))
DevTools listening on ws://localhost:56987/devtools/browser/f0b942dc-c6c2-4f11-a7a1-d2cb646dda94
1653273155027	Marionette	INFO	Listening on port 57017
Read port: 57017
1653273155191	RemoteAgent	WARN	TLS certificate errors will be ignored for this session
1653273157988	Marionette	INFO	Stopped listening on port 57017
JavaScript error: resource://services-settings/Utils.jsm, line 153: TypeError: NetworkError: Network request failed
1653274695788	geckodriver	INFO	Listening on 127.0.0.1:57366
1653274698842	mozrunner::runner	INFO	Running command: "C:\\Program Files\\Mozilla Firefox\\firefox.exe" "--marionette" "--remote-debugging-port" "57367" "--remote-allow-hosts" "localhost" "-no-remote" "-profile" "C:\\Users\\chetr\\AppData\\Local\\Temp\\rust_mozprofileYoQxOE"
1653274699812	Marionette	INFO	Marionette enabled
console.warn: SearchSettings: "get: No settings file exists, new profile?" (new NotFoundError("Could not open the file at C:\\Users\\chetr\\AppData\\Local\\Temp\\rust_mozprofileYoQxOE\\search.json.mozlz4", (void 0)))
DevTools listening on ws://localhost:57367/devtools/browser/4ab819a5-68f7-46ca-ae27-6febb5b7d89c
1653274708764	Marionette	INFO	Listening on port 57394
Read port: 57394
1653274708915	RemoteAgent	WARN	TLS certificate errors will be ignored for this session
1653274711232	Marionette	INFO	Stopped listening on port 57394
JavaScript error: resource://services-settings/Utils.jsm, line 153: TypeError: NetworkError: Network request failed
1653327754578	geckodriver	INFO	Listening on 127.0.0.1:60350
1653327757665	mozrunner::runner	INFO	Running command: "C:\\Program Files\\Mozilla Firefox\\firefox.exe" "--marionette" "-no-remote" "-profile" "C:\\Users\\chetr\\AppData\\Local\\Temp\\rust_mozprofileDfwkao"
1653327758684	Marionette	INFO	Marionette enabled
console.warn: SearchSettings: "get: No settings file exists, new profile?" (new NotFoundError("Could not open the file at C:\\Users\\chetr\\AppData\\Local\\Temp\\rust_mozprofileDfwkao\\search.json.mozlz4", (void 0)))
1653327762748	Marionette	INFO	Listening on port 60383
Read port: 60383
1653327762911	RemoteAgent	WARN	TLS certificate errors will be ignored for this session
1653327769312	Marionette	WARN	Ignoring event 'pageshow' because document has an invalid readyState of 'uninitialized'.
1653327769557	Marionette	INFO	Stopped listening on port 60383
[Parent 7888, IPC I/O Parent] WARNING: file /builds/worker/checkouts/gecko/ipc/chromium/src/base/process_util_win.cc:167

###!!! [Parent][PGPUParent] Error: RunMessage(msgname=PGPU::Msg_ShutdownVR) Channel closing: too late to send/recv, messages will be lost

1653328220541	geckodriver	INFO	Listening on 127.0.0.1:60524
1653328223627	mozrunner::runner	INFO	Running command: "C:\\Program Files\\Mozilla Firefox\\firefox.exe" "--marionette" "-no-remote" "-profile" "C:\\Users\\chetr\\AppData\\Local\\Temp\\rust_mozprofile9SbSku"
1653328223976	Marionette	INFO	Marionette enabled
console.warn: SearchSettings: "get: No settings file exists, new profile?" (new NotFoundError("Could not open the file at C:\\Users\\chetr\\AppData\\Local\\Temp\\rust_mozprofile9SbSku\\search.json.mozlz4", (void 0)))
1653328226008	Marionette	INFO	Listening on port 60550
Read port: 60550
1653328226167	RemoteAgent	WARN	TLS certificate errors will be ignored for this session
1653328232580	Marionette	WARN	Ignoring event 'pageshow' because document has an invalid readyState of 'uninitialized'.
1653328288161	Marionette	INFO	Stopped listening on port 60550

###!!! [Parent][PGPUParent] Error: RunMessage(msgname=PGPU::Msg_ShutdownVR) Channel closing: too late to send/recv, messages will be lost

1653328743443	geckodriver	INFO	Listening on 127.0.0.1:60708
1653328746503	mozrunner::runner	INFO	Running command: "C:\\Program Files\\Mozilla Firefox\\firefox.exe" "--marionette" "-no-remote" "-profile" "C:\\Users\\chetr\\AppData\\Local\\Temp\\rust_mozprofilea5oz2s"
1653328746866	Marionette	INFO	Marionette enabled
console.warn: SearchSettings: "get: No settings file exists, new profile?" (new NotFoundError("Could not open the file at C:\\Users\\chetr\\AppData\\Local\\Temp\\rust_mozprofilea5oz2s\\search.json.mozlz4", (void 0)))
1653328748885	Marionette	INFO	Listening on port 60732
Read port: 60732
1653328749166	RemoteAgent	WARN	TLS certificate errors will be ignored for this session
1653328775839	Marionette	INFO	Stopped listening on port 60732
1653328810261	geckodriver	INFO	Listening on 127.0.0.1:60779
1653328813344	mozrunner::runner	INFO	Running command: "C:\\Program Files\\Mozilla Firefox\\firefox.exe" "--marionette" "-no-remote" "-profile" "C:\\Users\\chetr\\AppData\\Local\\Temp\\rust_mozprofile6g6OiW"
1653328813699	Marionette	INFO	Marionette enabled
console.warn: SearchSettings: "get: No settings file exists, new profile?" (new NotFoundError("Could not open the file at C:\\Users\\chetr\\AppData\\Local\\Temp\\rust_mozprofile6g6OiW\\search.json.mozlz4", (void 0)))
1653328815788	Marionette	INFO	Listening on port 60806
Read port: 60806
1653328815858	RemoteAgent	WARN	TLS certificate errors will be ignored for this session
1653328822149	Marionette	INFO	Stopped listening on port 60806
1653333431464	geckodriver	INFO	Listening on 127.0.0.1:61463
1653333434513	mozrunner::runner	INFO	Running command: "C:\\Program Files\\Mozilla Firefox\\firefox.exe" "--marionette" "-no-remote" "-profile" "C:\\Users\\chetr\\AppData\\Local\\Temp\\rust_mozprofileUvmpZP"
1653333434896	Marionette	INFO	Marionette enabled
console.warn: SearchSettings: "get: No settings file exists, new profile?" (new NotFoundError("Could not open the file at C:\\Users\\chetr\\AppData\\Local\\Temp\\rust_mozprofileUvmpZP\\search.json.mozlz4", (void 0)))
1653333437107	Marionette	INFO	Listening on port 61492
Read port: 61492
1653333437235	RemoteAgent	WARN	TLS certificate errors will be ignored for this session
1653333440927	Marionette	INFO	Stopped listening on port 61492

###!!! [Parent][PGPUParent] Error: RunMessage(msgname=PGPU::Msg_ShutdownVR) Channel closing: too late to send/recv, messages will be lost

1653333805953	geckodriver	INFO	Listening on 127.0.0.1:61575
1653333809016	mozrunner::runner	INFO	Running command: "C:\\Program Files\\Mozilla Firefox\\firefox.exe" "--marionette" "-no-remote" "-profile" "C:\\Users\\chetr\\AppData\\Local\\Temp\\rust_mozprofileO3agqh"
1653333809368	Marionette	INFO	Marionette enabled
console.warn: SearchSettings: "get: No settings file exists, new profile?" (new NotFoundError("Could not open the file at C:\\Users\\chetr\\AppData\\Local\\Temp\\rust_mozprofileO3agqh\\search.json.mozlz4", (void 0)))
1653333811453	Marionette	INFO	Listening on port 61604
Read port: 61604
1653333811524	RemoteAgent	WARN	TLS certificate errors will be ignored for this session
1653333814812	Marionette	INFO	Stopped listening on port 61604
1653333868096	geckodriver	INFO	Listening on 127.0.0.1:61649
1653333871121	mozrunner::runner	INFO	Running command: "C:\\Program Files\\Mozilla Firefox\\firefox.exe" "--marionette" "-no-remote" "-profile" "C:\\Users\\chetr\\AppData\\Local\\Temp\\rust_mozprofileUthmGK"
1653333871481	Marionette	INFO	Marionette enabled
console.warn: SearchSettings: "get: No settings file exists, new profile?" (new NotFoundError("Could not open the file at C:\\Users\\chetr\\AppData\\Local\\Temp\\rust_mozprofileUthmGK\\search.json.mozlz4", (void 0)))
1653333873639	Marionette	INFO	Listening on port 61678
Read port: 61678
1653333873735	RemoteAgent	WARN	TLS certificate errors will be ignored for this session
1653333873887	Marionette	INFO	Stopped listening on port 61678
JavaScript error: resource://services-settings/RemoteSettingsWorker.jsm, line 46: RemoteSettingsWorkerError: Remote Settings has shut down.
JavaScript error: resource://gre/modules/TerminatorTelemetry.jsm, line 71: AbortError: IOUtils: Shutting down and refusing additional I/O tasks
1653336717078	geckodriver	INFO	Listening on 127.0.0.1:62219
1653336720127	mozrunner::runner	INFO	Running command: "C:\\Program Files\\Mozilla Firefox\\firefox.exe" "--marionette" "-no-remote" "-profile" "C:\\Users\\chetr\\AppData\\Local\\Temp\\rust_mozprofile8GsyT4"
1653336720525	Marionette	INFO	Marionette enabled
console.warn: SearchSettings: "get: No settings file exists, new profile?" (new NotFoundError("Could not open the file at C:\\Users\\chetr\\AppData\\Local\\Temp\\rust_mozprofile8GsyT4\\search.json.mozlz4", (void 0)))
1653336722834	Marionette	INFO	Listening on port 62248
Read port: 62248
1653336722961	RemoteAgent	WARN	TLS certificate errors will be ignored for this session
1653336723085	Marionette	INFO	Stopped listening on port 62248
console.error: services.settings: 
  main/quicksuggest Signature failed  TypeError: NetworkError: Network request failed
JavaScript error: resource://gre/modules/TerminatorTelemetry.jsm, line 71: AbortError: IOUtils: Shutting down and refusing additional I/O tasks
1653336923192	geckodriver	INFO	Listening on 127.0.0.1:62298
1653336926227	mozrunner::runner	INFO	Running command: "C:\\Program Files\\Mozilla Firefox\\firefox.exe" "--marionette" "-no-remote" "-profile" "C:\\Users\\chetr\\AppData\\Local\\Temp\\rust_mozprofileCL1fAc"
1653336926634	Marionette	INFO	Marionette enabled
console.warn: SearchSettings: "get: No settings file exists, new profile?" (new NotFoundError("Could not open the file at C:\\Users\\chetr\\AppData\\Local\\Temp\\rust_mozprofileCL1fAc\\search.json.mozlz4", (void 0)))
1653336928974	Marionette	INFO	Listening on port 62327
Read port: 62327
1653336929070	RemoteAgent	WARN	TLS certificate errors will be ignored for this session
1653336929183	Marionette	INFO	Stopped listening on port 62327
JavaScript error: resource://gre/modules/TerminatorTelemetry.jsm, line 71: AbortError: IOUtils: Shutting down and refusing additional I/O tasks
1653339225665	geckodriver	INFO	Listening on 127.0.0.1:62640
1653339228738	mozrunner::runner	INFO	Running command: "C:\\Program Files\\Mozilla Firefox\\firefox.exe" "--marionette" "-no-remote" "-profile" "C:\\Users\\chetr\\AppData\\Local\\Temp\\rust_mozprofileEY3LlL"
1653339229124	Marionette	INFO	Marionette enabled
console.warn: SearchSettings: "get: No settings file exists, new profile?" (new NotFoundError("Could not open the file at C:\\Users\\chetr\\AppData\\Local\\Temp\\rust_mozprofileEY3LlL\\search.json.mozlz4", (void 0)))
1653339231429	Marionette	INFO	Listening on port 62670
Read port: 62670
1653339231464	RemoteAgent	WARN	TLS certificate errors will be ignored for this session
1653339231576	Marionette	INFO	Stopped listening on port 62670
console.error: services.settings: 
  main/query-stripping Signature failed  TypeError: NetworkError: Network request failed
JavaScript error: resource://gre/modules/TerminatorTelemetry.jsm, line 71: AbortError: IOUtils: Shutting down and refusing additional I/O tasks
1653339298439	geckodriver	INFO	Listening on 127.0.0.1:62684
1653339301487	mozrunner::runner	INFO	Running command: "C:\\Program Files\\Mozilla Firefox\\firefox.exe" "--marionette" "-no-remote" "-profile" "C:\\Users\\chetr\\AppData\\Local\\Temp\\rust_mozprofile8uwxi9"
1653339301886	Marionette	INFO	Marionette enabled
console.warn: SearchSettings: "get: No settings file exists, new profile?" (new NotFoundError("Could not open the file at C:\\Users\\chetr\\AppData\\Local\\Temp\\rust_mozprofile8uwxi9\\search.json.mozlz4", (void 0)))
1653339304234	Marionette	INFO	Listening on port 62714
Read port: 62714
1653339304340	RemoteAgent	WARN	TLS certificate errors will be ignored for this session
1653339304513	Marionette	INFO	Stopped listening on port 62714
JavaScript error: resource://gre/modules/TerminatorTelemetry.jsm, line 71: AbortError: IOUtils: Shutting down and refusing additional I/O tasks
1653342924089	geckodriver	INFO	Listening on 127.0.0.1:63192
1653342927118	mozrunner::runner	INFO	Running command: "C:\\Program Files\\Mozilla Firefox\\firefox.exe" "--marionette" "-no-remote" "-profile" "C:\\Users\\chetr\\AppData\\Local\\Temp\\rust_mozprofileweEBy4"
1653342927501	Marionette	INFO	Marionette enabled
console.warn: SearchSettings: "get: No settings file exists, new profile?" (new NotFoundError("Could not open the file at C:\\Users\\chetr\\AppData\\Local\\Temp\\rust_mozprofileweEBy4\\search.json.mozlz4", (void 0)))
1653342929844	Marionette	INFO	Listening on port 63221
Read port: 63221
1653342929965	RemoteAgent	WARN	TLS certificate errors will be ignored for this session
1653342930104	Marionette	INFO	Stopped listening on port 63221
JavaScript error: resource://services-settings/RemoteSettingsWorker.jsm, line 46: RemoteSettingsWorkerError: Remote Settings has shut down.

###!!! [Parent][PGPUParent] Error: RunMessage(msgname=PGPU::Msg_ShutdownVR) Channel closing: too late to send/recv, messages will be lost

JavaScript error: resource://gre/modules/TerminatorTelemetry.jsm, line 71: AbortError: IOUtils: Shutting down and refusing additional I/O tasks
1653344955778	geckodriver	INFO	Listening on 127.0.0.1:63473
1653344958804	mozrunner::runner	INFO	Running command: "C:\\Program Files\\Mozilla Firefox\\firefox.exe" "--marionette" "-no-remote" "-profile" "C:\\Users\\chetr\\AppData\\Local\\Temp\\rust_mozprofilejIEFlC"
1653344959186	Marionette	INFO	Marionette enabled
console.warn: SearchSettings: "get: No settings file exists, new profile?" (new NotFoundError("Could not open the file at C:\\Users\\chetr\\AppData\\Local\\Temp\\rust_mozprofilejIEFlC\\search.json.mozlz4", (void 0)))
1653344961535	Marionette	INFO	Listening on port 63503
Read port: 63503
1653344961649	RemoteAgent	WARN	TLS certificate errors will be ignored for this session
1653344961803	Marionette	INFO	Stopped listening on port 63503
JavaScript error: resource://services-settings/RemoteSettingsWorker.jsm, line 46: RemoteSettingsWorkerError: Remote Settings has shut down.
JavaScript error: resource://gre/modules/TerminatorTelemetry.jsm, line 71: AbortError: IOUtils: Shutting down and refusing additional I/O tasks
1653345057406	geckodriver	INFO	Listening on 127.0.0.1:63532
1653345060463	mozrunner::runner	INFO	Running command: "C:\\Program Files\\Mozilla Firefox\\firefox.exe" "--marionette" "-no-remote" "-profile" "C:\\Users\\chetr\\AppData\\Local\\Temp\\rust_mozprofile3fzXdr"
1653345060864	Marionette	INFO	Marionette enabled
console.warn: SearchSettings: "get: No settings file exists, new profile?" (new NotFoundError("Could not open the file at C:\\Users\\chetr\\AppData\\Local\\Temp\\rust_mozprofile3fzXdr\\search.json.mozlz4", (void 0)))
1653345063223	Marionette	INFO	Listening on port 63561
Read port: 63561
1653345063294	RemoteAgent	WARN	TLS certificate errors will be ignored for this session
1653345063473	Marionette	INFO	Stopped listening on port 63561
console.error: services.settings: 
  main/query-stripping Signature failed  TypeError: NetworkError: Network request failed
JavaScript error: resource://gre/modules/TerminatorTelemetry.jsm, line 71: AbortError: IOUtils: Shutting down and refusing additional I/O tasks
1653345337135	geckodriver	INFO	Listening on 127.0.0.1:63599
1653345340160	mozrunner::runner	INFO	Running command: "C:\\Program Files\\Mozilla Firefox\\firefox.exe" "--marionette" "-no-remote" "-profile" "C:\\Users\\chetr\\AppData\\Local\\Temp\\rust_mozprofileyf7Zvt"
1653345340561	Marionette	INFO	Marionette enabled
console.warn: SearchSettings: "get: No settings file exists, new profile?" (new NotFoundError("Could not open the file at C:\\Users\\chetr\\AppData\\Local\\Temp\\rust_mozprofileyf7Zvt\\search.json.mozlz4", (void 0)))
1653345343035	Marionette	INFO	Listening on port 63628
Read port: 63628
1653345343102	RemoteAgent	WARN	TLS certificate errors will be ignored for this session
1653345344388	Marionette	INFO	Stopped listening on port 63628
1653345587359	geckodriver	INFO	Listening on 127.0.0.1:63690
1653345590400	mozrunner::runner	INFO	Running command: "C:\\Program Files\\Mozilla Firefox\\firefox.exe" "--marionette" "-no-remote" "-profile" "C:\\Users\\chetr\\AppData\\Local\\Temp\\rust_mozprofilee6H8fc"
1653345590769	Marionette	INFO	Marionette enabled
console.warn: SearchSettings: "get: No settings file exists, new profile?" (new NotFoundError("Could not open the file at C:\\Users\\chetr\\AppData\\Local\\Temp\\rust_mozprofilee6H8fc\\search.json.mozlz4", (void 0)))
1653345593094	Marionette	INFO	Listening on port 63721
Read port: 63721
1653345593130	RemoteAgent	WARN	TLS certificate errors will be ignored for this session
1653345594400	Marionette	INFO	Stopped listening on port 63721
1653345873662	geckodriver	INFO	Listening on 127.0.0.1:63774
1653345876711	mozrunner::runner	INFO	Running command: "C:\\Program Files\\Mozilla Firefox\\firefox.exe" "--marionette" "-no-remote" "-profile" "C:\\Users\\chetr\\AppData\\Local\\Temp\\rust_mozprofilethrabg"
1653345877078	Marionette	INFO	Marionette enabled
console.warn: SearchSettings: "get: No settings file exists, new profile?" (new NotFoundError("Could not open the file at C:\\Users\\chetr\\AppData\\Local\\Temp\\rust_mozprofilethrabg\\search.json.mozlz4", (void 0)))
1653345879399	Marionette	INFO	Listening on port 63805
Read port: 63805
1653345879432	RemoteAgent	WARN	TLS certificate errors will be ignored for this session
1653345880723	Marionette	INFO	Stopped listening on port 63805

###!!! [Parent][PGPUParent] Error: RunMessage(msgname=PGPU::Msg_ShutdownVR) Channel closing: too late to send/recv, messages will be lost

1653406318199	geckodriver	INFO	Listening on 127.0.0.1:64972
1653406321276	mozrunner::runner	INFO	Running command: "C:\\Program Files\\Mozilla Firefox\\firefox.exe" "--marionette" "-no-remote" "-profile" "C:\\Users\\chetr\\AppData\\Local\\Temp\\rust_mozprofile8cQwwb"
1653406321953	Marionette	INFO	Marionette enabled
console.warn: SearchSettings: "get: No settings file exists, new profile?" (new NotFoundError("Could not open the file at C:\\Users\\chetr\\AppData\\Local\\Temp\\rust_mozprofile8cQwwb\\search.json.mozlz4", (void 0)))
1653406324243	Marionette	INFO	Listening on port 65000
Read port: 65000
1653406324334	RemoteAgent	WARN	TLS certificate errors will be ignored for this session
1653406325595	Marionette	INFO	Stopped listening on port 65000

###!!! [Parent][PGPUParent] Error: RunMessage(msgname=PGPU::Msg_ShutdownVR) Channel closing: too late to send/recv, messages will be lost

1653406341846	geckodriver	INFO	Listening on 127.0.0.1:65044
1653406344892	mozrunner::runner	INFO	Running command: "C:\\Program Files\\Mozilla Firefox\\firefox.exe" "--marionette" "-no-remote" "-profile" "C:\\Users\\chetr\\AppData\\Local\\Temp\\rust_mozprofileGU94Hv"
1653406345261	Marionette	INFO	Marionette enabled
console.warn: SearchSettings: "get: No settings file exists, new profile?" (new NotFoundError("Could not open the file at C:\\Users\\chetr\\AppData\\Local\\Temp\\rust_mozprofileGU94Hv\\search.json.mozlz4", (void 0)))
1653406347616	Marionette	INFO	Listening on port 65073
Read port: 65073
1653406347737	RemoteAgent	WARN	TLS certificate errors will be ignored for this session
1653406347869	Marionette	INFO	Stopped listening on port 65073
[Parent 27764, IPC I/O Parent] WARNING: file /builds/worker/checkouts/gecko/ipc/chromium/src/base/process_util_win.cc:167
[Parent 27764, IPC I/O Parent] WARNING: file /builds/worker/checkouts/gecko/ipc/chromium/src/base/process_util_win.cc:167
JavaScript error: resource://gre/modules/TerminatorTelemetry.jsm, line 71: AbortError: IOUtils: Shutting down and refusing additional I/O tasks
1653406398919	geckodriver	INFO	Listening on 127.0.0.1:65084
1653406401971	mozrunner::runner	INFO	Running command: "C:\\Program Files\\Mozilla Firefox\\firefox.exe" "--marionette" "-no-remote" "-profile" "C:\\Users\\chetr\\AppData\\Local\\Temp\\rust_mozprofileFRqnZ7"
1653406402333	Marionette	INFO	Marionette enabled
console.warn: SearchSettings: "get: No settings file exists, new profile?" (new NotFoundError("Could not open the file at C:\\Users\\chetr\\AppData\\Local\\Temp\\rust_mozprofileFRqnZ7\\search.json.mozlz4", (void 0)))
1653406404779	Marionette	INFO	Listening on port 65117
Read port: 65117
1653406404920	RemoteAgent	WARN	TLS certificate errors will be ignored for this session
1653406405103	Marionette	INFO	Stopped listening on port 65117
JavaScript error: resource://services-settings/RemoteSettingsWorker.jsm, line 46: RemoteSettingsWorkerError: Remote Settings has shut down.
JavaScript error: resource://gre/modules/TerminatorTelemetry.jsm, line 71: AbortError: IOUtils: Shutting down and refusing additional I/O tasks
1653406721285	geckodriver	INFO	Listening on 127.0.0.1:65161
1653406724337	mozrunner::runner	INFO	Running command: "C:\\Program Files\\Mozilla Firefox\\firefox.exe" "--marionette" "-no-remote" "-profile" "C:\\Users\\chetr\\AppData\\Local\\Temp\\rust_mozprofilexRle1o"
1653406724692	Marionette	INFO	Marionette enabled
console.warn: SearchSettings: "get: No settings file exists, new profile?" (new NotFoundError("Could not open the file at C:\\Users\\chetr\\AppData\\Local\\Temp\\rust_mozprofilexRle1o\\search.json.mozlz4", (void 0)))
1653406726920	Marionette	INFO	Listening on port 65190
Read port: 65190
1653406726954	RemoteAgent	WARN	TLS certificate errors will be ignored for this session
1653406727070	Marionette	INFO	Stopped listening on port 65190
console.error: services.settings: 
  main/quicksuggest Signature failed  TypeError: NetworkError: Network request failed
JavaScript error: resource://gre/modules/TerminatorTelemetry.jsm, line 71: AbortError: IOUtils: Shutting down and refusing additional I/O tasks
1653406793943	geckodriver	INFO	Listening on 127.0.0.1:65208
1653406796972	mozrunner::runner	INFO	Running command: "C:\\Program Files\\Mozilla Firefox\\firefox.exe" "--marionette" "-no-remote" "-profile" "C:\\Users\\chetr\\AppData\\Local\\Temp\\rust_mozprofileFA1tVg"
1653406797336	Marionette	INFO	Marionette enabled
console.warn: SearchSettings: "get: No settings file exists, new profile?" (new NotFoundError("Could not open the file at C:\\Users\\chetr\\AppData\\Local\\Temp\\rust_mozprofileFA1tVg\\search.json.mozlz4", (void 0)))
1653406799630	Marionette	INFO	Listening on port 65239
Read port: 65239
1653406799698	RemoteAgent	WARN	TLS certificate errors will be ignored for this session
console.warn: LoginRecipes: "getRecipes: falling back to a synchronous message for:" "http://localhost:8000"
1653406801059	Marionette	INFO	Stopped listening on port 65239
JavaScript error: resource://services-settings/Utils.jsm, line 153: TypeError: NetworkError: Network request failed

###!!! [Parent][PGPUParent] Error: RunMessage(msgname=PGPU::Msg_ShutdownVR) Channel closing: too late to send/recv, messages will be lost

1653406835768	geckodriver	INFO	Listening on 127.0.0.1:65270
1653406838817	mozrunner::runner	INFO	Running command: "C:\\Program Files\\Mozilla Firefox\\firefox.exe" "--marionette" "-no-remote" "-profile" "C:\\Users\\chetr\\AppData\\Local\\Temp\\rust_mozprofilexdG6hm"
1653406839184	Marionette	INFO	Marionette enabled
console.warn: SearchSettings: "get: No settings file exists, new profile?" (new NotFoundError("Could not open the file at C:\\Users\\chetr\\AppData\\Local\\Temp\\rust_mozprofilexdG6hm\\search.json.mozlz4", (void 0)))
1653406841475	Marionette	INFO	Listening on port 65300
Read port: 65300
1653406841540	RemoteAgent	WARN	TLS certificate errors will be ignored for this session
1653406841673	Marionette	INFO	Stopped listening on port 65300
console.warn: services.settings: main/query-stripping sync interrupted by shutdown
console.error: services.settings: 
  main/quicksuggest Signature failed  TypeError: NetworkError: Network request failed
JavaScript error: resource://gre/modules/TerminatorTelemetry.jsm, line 71: AbortError: IOUtils: Shutting down and refusing additional I/O tasks
1653406851071	geckodriver	INFO	Listening on 127.0.0.1:65307
1653406854129	mozrunner::runner	INFO	Running command: "C:\\Program Files\\Mozilla Firefox\\firefox.exe" "--marionette" "-no-remote" "-profile" "C:\\Users\\chetr\\AppData\\Local\\Temp\\rust_mozprofileshGI2O"
1653406854494	Marionette	INFO	Marionette enabled
console.warn: SearchSettings: "get: No settings file exists, new profile?" (new NotFoundError("Could not open the file at C:\\Users\\chetr\\AppData\\Local\\Temp\\rust_mozprofileshGI2O\\search.json.mozlz4", (void 0)))
1653406856859	Marionette	INFO	Listening on port 65336
Read port: 65336
1653406856960	RemoteAgent	WARN	TLS certificate errors will be ignored for this session
1653406857136	Marionette	INFO	Stopped listening on port 65336
JavaScript error: resource://gre/modules/TerminatorTelemetry.jsm, line 71: AbortError: IOUtils: Shutting down and refusing additional I/O tasks
1653406897398	geckodriver	INFO	Listening on 127.0.0.1:65369
1653406900448	mozrunner::runner	INFO	Running command: "C:\\Program Files\\Mozilla Firefox\\firefox.exe" "--marionette" "-no-remote" "-profile" "C:\\Users\\chetr\\AppData\\Local\\Temp\\rust_mozprofileoWLFX6"
1653406900811	Marionette	INFO	Marionette enabled
console.warn: SearchSettings: "get: No settings file exists, new profile?" (new NotFoundError("Could not open the file at C:\\Users\\chetr\\AppData\\Local\\Temp\\rust_mozprofileoWLFX6\\search.json.mozlz4", (void 0)))
1653406903134	Marionette	INFO	Listening on port 65398
Read port: 65398
1653406903172	RemoteAgent	WARN	TLS certificate errors will be ignored for this session
console.warn: LoginRecipes: "getRecipes: falling back to a synchronous message for:" "http://localhost:8000"
1653406904457	Marionette	INFO	Stopped listening on port 65398
JavaScript error: resource://services-settings/Utils.jsm, line 153: TypeError: NetworkError: Network request failed

###!!! [Parent][PGPUParent] Error: RunMessage(msgname=PGPU::Msg_ShutdownVR) Channel closing: too late to send/recv, messages will be lost

1653407179482	geckodriver	INFO	Listening on 127.0.0.1:65457
1653407182508	mozrunner::runner	INFO	Running command: "C:\\Program Files\\Mozilla Firefox\\firefox.exe" "--marionette" "-no-remote" "-profile" "C:\\Users\\chetr\\AppData\\Local\\Temp\\rust_mozprofileFqryGq"
1653407182870	Marionette	INFO	Marionette enabled
console.warn: SearchSettings: "get: No settings file exists, new profile?" (new NotFoundError("Could not open the file at C:\\Users\\chetr\\AppData\\Local\\Temp\\rust_mozprofileFqryGq\\search.json.mozlz4", (void 0)))
1653407185103	Marionette	INFO	Listening on port 65487
Read port: 65487
1653407185231	RemoteAgent	WARN	TLS certificate errors will be ignored for this session
console.warn: LoginRecipes: "getRecipes: falling back to a synchronous message for:" "http://localhost:8000"
1653407195528	Marionette	INFO	Stopped listening on port 65487
1653407308180	geckodriver	INFO	Listening on 127.0.0.1:49157
1653407311226	mozrunner::runner	INFO	Running command: "C:\\Program Files\\Mozilla Firefox\\firefox.exe" "--marionette" "-no-remote" "-profile" "C:\\Users\\chetr\\AppData\\Local\\Temp\\rust_mozprofileNMhJFi"
1653407311614	Marionette	INFO	Marionette enabled
console.warn: SearchSettings: "get: No settings file exists, new profile?" (new NotFoundError("Could not open the file at C:\\Users\\chetr\\AppData\\Local\\Temp\\rust_mozprofileNMhJFi\\search.json.mozlz4", (void 0)))
1653407314094	Marionette	INFO	Listening on port 49186
Read port: 49186
1653407314184	RemoteAgent	WARN	TLS certificate errors will be ignored for this session
console.warn: LoginRecipes: "getRecipes: falling back to a synchronous message for:" "http://localhost:8000"
1653407324793	Marionette	INFO	Stopped listening on port 49186

###!!! [Parent][PGPUParent] Error: RunMessage(msgname=PGPU::Msg_ShutdownVR) Channel closing: too late to send/recv, messages will be lost

1653411235492	geckodriver	INFO	Listening on 127.0.0.1:49741
1653411238560	mozrunner::runner	INFO	Running command: "C:\\Program Files\\Mozilla Firefox\\firefox.exe" "--marionette" "-no-remote" "-profile" "C:\\Users\\chetr\\AppData\\Local\\Temp\\rust_mozprofilenOhczt"
1653411239305	Marionette	INFO	Marionette enabled
console.warn: SearchSettings: "get: No settings file exists, new profile?" (new NotFoundError("Could not open the file at C:\\Users\\chetr\\AppData\\Local\\Temp\\rust_mozprofilenOhczt\\search.json.mozlz4", (void 0)))
1653411243822	Marionette	INFO	Listening on port 49772
Read port: 49772
1653411243919	RemoteAgent	WARN	TLS certificate errors will be ignored for this session
console.warn: LoginRecipes: "getRecipes: falling back to a synchronous message for:" "http://localhost:8000"
1653411245670	Marionette	INFO	Stopped listening on port 49772
1653411564005	geckodriver	INFO	Listening on 127.0.0.1:49851
1653411567077	mozrunner::runner	INFO	Running command: "C:\\Program Files\\Mozilla Firefox\\firefox.exe" "--marionette" "-no-remote" "-profile" "C:\\Users\\chetr\\AppData\\Local\\Temp\\rust_mozprofilevaUmSr"
1653411567451	Marionette	INFO	Marionette enabled
console.warn: SearchSettings: "get: No settings file exists, new profile?" (new NotFoundError("Could not open the file at C:\\Users\\chetr\\AppData\\Local\\Temp\\rust_mozprofilevaUmSr\\search.json.mozlz4", (void 0)))
1653411570197	Marionette	INFO	Listening on port 49880
Read port: 49880
1653411570238	RemoteAgent	WARN	TLS certificate errors will be ignored for this session
console.warn: LoginRecipes: "getRecipes: falling back to a synchronous message for:" "http://localhost:8000"
1653411571593	Marionette	INFO	Stopped listening on port 49880
1653411642289	geckodriver	INFO	Listening on 127.0.0.1:49916
1653411645308	mozrunner::runner	INFO	Running command: "C:\\Program Files\\Mozilla Firefox\\firefox.exe" "--marionette" "-no-remote" "-profile" "C:\\Users\\chetr\\AppData\\Local\\Temp\\rust_mozprofilef4ciIZ"
1653411645842	Marionette	INFO	Marionette enabled
console.warn: SearchSettings: "get: No settings file exists, new profile?" (new NotFoundError("Could not open the file at C:\\Users\\chetr\\AppData\\Local\\Temp\\rust_mozprofilef4ciIZ\\search.json.mozlz4", (void 0)))
1653411650694	Marionette	INFO	Listening on port 49951
Read port: 49951
1653411650779	RemoteAgent	WARN	TLS certificate errors will be ignored for this session
console.warn: LoginRecipes: "getRecipes: falling back to a synchronous message for:" "http://localhost:8000"
1653411652385	Marionette	INFO	Stopped listening on port 49951
1653412019885	geckodriver	INFO	Listening on 127.0.0.1:50037
1653412022957	mozrunner::runner	INFO	Running command: "C:\\Program Files\\Mozilla Firefox\\firefox.exe" "--marionette" "-no-remote" "-profile" "C:\\Users\\chetr\\AppData\\Local\\Temp\\rust_mozprofileByEHgm"
1653412023405	Marionette	INFO	Marionette enabled
console.warn: SearchSettings: "get: No settings file exists, new profile?" (new NotFoundError("Could not open the file at C:\\Users\\chetr\\AppData\\Local\\Temp\\rust_mozprofileByEHgm\\search.json.mozlz4", (void 0)))
1653412026252	Marionette	INFO	Listening on port 50068
Read port: 50068
1653412026332	RemoteAgent	WARN	TLS certificate errors will be ignored for this session
console.warn: LoginRecipes: "getRecipes: falling back to a synchronous message for:" "http://localhost:8000"
1653412027660	Marionette	INFO	Stopped listening on port 50068
1653412596041	geckodriver	INFO	Listening on 127.0.0.1:50174
1653412599072	mozrunner::runner	INFO	Running command: "C:\\Program Files\\Mozilla Firefox\\firefox.exe" "--marionette" "-no-remote" "-profile" "C:\\Users\\chetr\\AppData\\Local\\Temp\\rust_mozprofileUt3vxB"
1653412599444	Marionette	INFO	Marionette enabled
console.warn: SearchSettings: "get: No settings file exists, new profile?" (new NotFoundError("Could not open the file at C:\\Users\\chetr\\AppData\\Local\\Temp\\rust_mozprofileUt3vxB\\search.json.mozlz4", (void 0)))
1653412601711	Marionette	INFO	Listening on port 50203
Read port: 50203
1653412601800	RemoteAgent	WARN	TLS certificate errors will be ignored for this session
console.warn: LoginRecipes: "getRecipes: falling back to a synchronous message for:" "http://localhost:8000"
1653412603110	Marionette	INFO	Stopped listening on port 50203
1653412850527	geckodriver	INFO	Listening on 127.0.0.1:50266
1653412853583	mozrunner::runner	INFO	Running command: "C:\\Program Files\\Mozilla Firefox\\firefox.exe" "--marionette" "-no-remote" "-profile" "C:\\Users\\chetr\\AppData\\Local\\Temp\\rust_mozprofileK8aKC5"
1653412853971	Marionette	INFO	Marionette enabled
console.warn: SearchSettings: "get: No settings file exists, new profile?" (new NotFoundError("Could not open the file at C:\\Users\\chetr\\AppData\\Local\\Temp\\rust_mozprofileK8aKC5\\search.json.mozlz4", (void 0)))
1653412856450	Marionette	INFO	Listening on port 50296
Read port: 50296
1653412856522	RemoteAgent	WARN	TLS certificate errors will be ignored for this session
console.warn: LoginRecipes: "getRecipes: falling back to a synchronous message for:" "http://localhost:8000"
1653412857838	Marionette	INFO	Stopped listening on port 50296

###!!! [Parent][PGPUParent] Error: RunMessage(msgname=PGPU::Msg_ShutdownVR) Channel closing: too late to send/recv, messages will be lost

1653412934045	geckodriver	INFO	Listening on 127.0.0.1:50338
1653412937082	mozrunner::runner	INFO	Running command: "C:\\Program Files\\Mozilla Firefox\\firefox.exe" "--marionette" "-no-remote" "-profile" "C:\\Users\\chetr\\AppData\\Local\\Temp\\rust_mozprofilebgbUSN"
1653412937448	Marionette	INFO	Marionette enabled
console.warn: SearchSettings: "get: No settings file exists, new profile?" (new NotFoundError("Could not open the file at C:\\Users\\chetr\\AppData\\Local\\Temp\\rust_mozprofilebgbUSN\\search.json.mozlz4", (void 0)))
1653412939756	Marionette	INFO	Listening on port 50368
Read port: 50368
1653412939803	RemoteAgent	WARN	TLS certificate errors will be ignored for this session
console.warn: LoginRecipes: "getRecipes: falling back to a synchronous message for:" "http://localhost:8000"
console.warn: LoginRecipes: "getRecipes: falling back to a synchronous message for:" "http://localhost:8000"
1653412942208	Marionette	INFO	Stopped listening on port 50368
1653418877840	geckodriver	INFO	Listening on 127.0.0.1:51214
1653418880890	mozrunner::runner	INFO	Running command: "C:\\Program Files\\Mozilla Firefox\\firefox.exe" "--marionette" "-no-remote" "-profile" "C:\\Users\\chetr\\AppData\\Local\\Temp\\rust_mozprofileGfPXZr"
1653418881278	Marionette	INFO	Marionette enabled
console.warn: SearchSettings: "get: No settings file exists, new profile?" (new NotFoundError("Could not open the file at C:\\Users\\chetr\\AppData\\Local\\Temp\\rust_mozprofileGfPXZr\\search.json.mozlz4", (void 0)))
1653418883751	Marionette	INFO	Listening on port 51246
Read port: 51246
1653418883832	RemoteAgent	WARN	TLS certificate errors will be ignored for this session
console.warn: LoginRecipes: "getRecipes: falling back to a synchronous message for:" "http://localhost:8000"
console.warn: LoginRecipes: "getRecipes: falling back to a synchronous message for:" "http://localhost:8000"
1653418886224	Marionette	INFO	Stopped listening on port 51246

###!!! [Parent][PGPUParent] Error: RunMessage(msgname=PGPU::Msg_ShutdownVR) Channel closing: too late to send/recv, messages will be lost

1653419989224	geckodriver	INFO	Listening on 127.0.0.1:51412
1653419992287	mozrunner::runner	INFO	Running command: "C:\\Program Files\\Mozilla Firefox\\firefox.exe" "--marionette" "-no-remote" "-profile" "C:\\Users\\chetr\\AppData\\Local\\Temp\\rust_mozprofile107Syk"
1653419992651	Marionette	INFO	Marionette enabled
console.warn: SearchSettings: "get: No settings file exists, new profile?" (new NotFoundError("Could not open the file at C:\\Users\\chetr\\AppData\\Local\\Temp\\rust_mozprofile107Syk\\search.json.mozlz4", (void 0)))
1653419995025	Marionette	INFO	Listening on port 51443
Read port: 51443
1653419995123	RemoteAgent	WARN	TLS certificate errors will be ignored for this session
console.warn: LoginRecipes: "getRecipes: falling back to a synchronous message for:" "http://localhost:8000"
console.warn: LoginRecipes: "getRecipes: falling back to a synchronous message for:" "http://localhost:8000"
1653419997629	Marionette	INFO	Stopped listening on port 51443
1653420035143	geckodriver	INFO	Listening on 127.0.0.1:51487
1653420038197	mozrunner::runner	INFO	Running command: "C:\\Program Files\\Mozilla Firefox\\firefox.exe" "--marionette" "-no-remote" "-profile" "C:\\Users\\chetr\\AppData\\Local\\Temp\\rust_mozprofileXYZnIk"
1653420038569	Marionette	INFO	Marionette enabled
console.warn: SearchSettings: "get: No settings file exists, new profile?" (new NotFoundError("Could not open the file at C:\\Users\\chetr\\AppData\\Local\\Temp\\rust_mozprofileXYZnIk\\search.json.mozlz4", (void 0)))
1653420040991	Marionette	INFO	Listening on port 51518
Read port: 51518
1653420041032	RemoteAgent	WARN	TLS certificate errors will be ignored for this session
console.warn: LoginRecipes: "getRecipes: falling back to a synchronous message for:" "http://localhost:8000"
console.warn: LoginRecipes: "getRecipes: falling back to a synchronous message for:" "http://localhost:8000"
1653420043514	Marionette	INFO	Stopped listening on port 51518

###!!! [Parent][PGPUParent] Error: RunMessage(msgname=PGPU::Msg_ShutdownVR) Channel closing: too late to send/recv, messages will be lost

1653425264881	geckodriver	INFO	Listening on 127.0.0.1:52353
1653425267958	mozrunner::runner	INFO	Running command: "C:\\Program Files\\Mozilla Firefox\\firefox.exe" "--marionette" "-no-remote" "-profile" "C:\\Users\\chetr\\AppData\\Local\\Temp\\rust_mozprofilerKKNno"
1653425268703	Marionette	INFO	Marionette enabled
console.warn: SearchSettings: "get: No settings file exists, new profile?" (new NotFoundError("Could not open the file at C:\\Users\\chetr\\AppData\\Local\\Temp\\rust_mozprofilerKKNno\\search.json.mozlz4", (void 0)))
1653425273797	Marionette	INFO	Listening on port 52385
Read port: 52385
1653425273918	RemoteAgent	WARN	TLS certificate errors will be ignored for this session
1653425273956	Marionette	INFO	Stopped listening on port 52385

###!!! [Parent][PGPUParent] Error: RunMessage(msgname=PGPU::Msg_ShutdownVR) Channel closing: too late to send/recv, messages will be lost

1653425406621	geckodriver	INFO	Listening on 127.0.0.1:52411
1653425409708	mozrunner::runner	INFO	Running command: "C:\\Program Files\\Mozilla Firefox\\firefox.exe" "--marionette" "-no-remote" "-profile" "C:\\Users\\chetr\\AppData\\Local\\Temp\\rust_mozprofileizviy6"
1653425410455	Marionette	INFO	Marionette enabled
console.warn: SearchSettings: "get: No settings file exists, new profile?" (new NotFoundError("Could not open the file at C:\\Users\\chetr\\AppData\\Local\\Temp\\rust_mozprofileizviy6\\search.json.mozlz4", (void 0)))
1653425419808	Marionette	INFO	Listening on port 52453
Read port: 52453
1653425419950	RemoteAgent	WARN	TLS certificate errors will be ignored for this session
console.warn: LoginRecipes: "getRecipes: falling back to a synchronous message for:" "http://localhost:52410"
console.warn: LoginRecipes: "getRecipes: falling back to a synchronous message for:" "http://localhost:52410"
1653425423263	Marionette	INFO	Stopped listening on port 52453
1653425875907	geckodriver	INFO	Listening on 127.0.0.1:52560
1653425878966	mozrunner::runner	INFO	Running command: "C:\\Program Files\\Mozilla Firefox\\firefox.exe" "--marionette" "-no-remote" "-profile" "C:\\Users\\chetr\\AppData\\Local\\Temp\\rust_mozprofileHD0Wmt"
1653425879739	Marionette	INFO	Marionette enabled
console.warn: SearchSettings: "get: No settings file exists, new profile?" (new NotFoundError("Could not open the file at C:\\Users\\chetr\\AppData\\Local\\Temp\\rust_mozprofileHD0Wmt\\search.json.mozlz4", (void 0)))
1653425884660	Marionette	INFO	Listening on port 52592
Read port: 52592
1653425884788	RemoteAgent	WARN	TLS certificate errors will be ignored for this session
console.warn: LoginRecipes: "getRecipes: falling back to a synchronous message for:" "http://localhost:52559"
console.warn: LoginRecipes: "getRecipes: falling back to a synchronous message for:" "http://localhost:52559"
1653425890541	Marionette	INFO	Stopped listening on port 52592
JavaScript error: resource://gre/modules/UrlClassifierListManager.jsm, line 691: TypeError: this.tablesData[table] is undefined

###!!! [Parent][PGPUParent] Error: RunMessage(msgname=PGPU::Msg_ShutdownVR) Channel closing: too late to send/recv, messages will be lost

1653426030780	geckodriver	INFO	Listening on 127.0.0.1:52645
1653426033820	mozrunner::runner	INFO	Running command: "C:\\Program Files\\Mozilla Firefox\\firefox.exe" "--marionette" "-no-remote" "-profile" "C:\\Users\\chetr\\AppData\\Local\\Temp\\rust_mozprofile7zEWCw"
1653426034587	Marionette	INFO	Marionette enabled
console.warn: SearchSettings: "get: No settings file exists, new profile?" (new NotFoundError("Could not open the file at C:\\Users\\chetr\\AppData\\Local\\Temp\\rust_mozprofile7zEWCw\\search.json.mozlz4", (void 0)))
1653426039130	Marionette	INFO	Listening on port 52678
Read port: 52678
1653426039232	RemoteAgent	WARN	TLS certificate errors will be ignored for this session
console.warn: LoginRecipes: "getRecipes: falling back to a synchronous message for:" "http://localhost:52644"
console.warn: LoginRecipes: "getRecipes: falling back to a synchronous message for:" "http://localhost:52644"
1653426042306	Marionette	INFO	Stopped listening on port 52678
JavaScript error: resource://gre/modules/UrlClassifierListManager.jsm, line 691: TypeError: this.tablesData[table] is undefined
1653426738654	geckodriver	INFO	Listening on 127.0.0.1:50194
1653426741665	mozrunner::runner	INFO	Running command: "C:\\Program Files\\Mozilla Firefox\\firefox.exe" "--marionette" "-no-remote" "-profile" "C:\\Users\\chetr\\AppData\\Local\\Temp\\rust_mozprofileDF9scd"
1653426742838	Marionette	INFO	Marionette enabled
console.warn: SearchSettings: "get: No settings file exists, new profile?" (new NotFoundError("Could not open the file at C:\\Users\\chetr\\AppData\\Local\\Temp\\rust_mozprofileDF9scd\\search.json.mozlz4", (void 0)))
1653426747896	Marionette	INFO	Listening on port 50225
Read port: 50225
1653426747989	RemoteAgent	WARN	TLS certificate errors will be ignored for this session
console.warn: LoginRecipes: "getRecipes: falling back to a synchronous message for:" "http://localhost:50193"
console.warn: LoginRecipes: "getRecipes: falling back to a synchronous message for:" "http://localhost:50193"
1653426750776	Marionette	INFO	Stopped listening on port 50225
1653427844147	geckodriver	INFO	Listening on 127.0.0.1:50458
1653427847195	mozrunner::runner	INFO	Running command: "C:\\Program Files\\Mozilla Firefox\\firefox.exe" "--marionette" "-no-remote" "-profile" "C:\\Users\\chetr\\AppData\\Local\\Temp\\rust_mozprofilebzPwbP"
1653427847691	Marionette	INFO	Marionette enabled
console.warn: SearchSettings: "get: No settings file exists, new profile?" (new NotFoundError("Could not open the file at C:\\Users\\chetr\\AppData\\Local\\Temp\\rust_mozprofilebzPwbP\\search.json.mozlz4", (void 0)))
1653427850300	Marionette	INFO	Listening on port 50482
Read port: 50482
1653427850364	RemoteAgent	WARN	TLS certificate errors will be ignored for this session
console.warn: LoginRecipes: "getRecipes: falling back to a synchronous message for:" "http://localhost:50457"
1653427850796	Marionette	INFO	Stopped listening on port 50482
JavaScript error: resource://services-settings/RemoteSettingsWorker.jsm, line 143: Error: Shutdown, aborting read-only worker requests.

###!!! [Parent][PGPUParent] Error: RunMessage(msgname=PGPU::Msg_ShutdownVR) Channel closing: too late to send/recv, messages will be lost

1653428014278	geckodriver	INFO	Listening on 127.0.0.1:50527
1653428017321	mozrunner::runner	INFO	Running command: "C:\\Program Files\\Mozilla Firefox\\firefox.exe" "--marionette" "-no-remote" "-profile" "C:\\Users\\chetr\\AppData\\Local\\Temp\\rust_mozprofileVHbJhW"
1653428017801	Marionette	INFO	Marionette enabled
console.warn: SearchSettings: "get: No settings file exists, new profile?" (new NotFoundError("Could not open the file at C:\\Users\\chetr\\AppData\\Local\\Temp\\rust_mozprofileVHbJhW\\search.json.mozlz4", (void 0)))
1653428020114	Marionette	INFO	Listening on port 50551
Read port: 50551
1653428020165	RemoteAgent	WARN	TLS certificate errors will be ignored for this session
console.warn: LoginRecipes: "getRecipes: falling back to a synchronous message for:" "http://localhost:50526"
1653428020587	Marionette	INFO	Stopped listening on port 50551
JavaScript error: resource://services-settings/RemoteSettingsWorker.jsm, line 143: Error: Shutdown, aborting read-only worker requests.

###!!! [Parent][PGPUParent] Error: RunMessage(msgname=PGPU::Msg_ShutdownVR) Channel closing: too late to send/recv, messages will be lost

1653428110478	geckodriver	INFO	Listening on 127.0.0.1:50591
1653428113544	mozrunner::runner	INFO	Running command: "C:\\Program Files\\Mozilla Firefox\\firefox.exe" "--marionette" "-no-remote" "-profile" "C:\\Users\\chetr\\AppData\\Local\\Temp\\rust_mozprofileXOBpDH"
1653428114026	Marionette	INFO	Marionette enabled
console.warn: SearchSettings: "get: No settings file exists, new profile?" (new NotFoundError("Could not open the file at C:\\Users\\chetr\\AppData\\Local\\Temp\\rust_mozprofileXOBpDH\\search.json.mozlz4", (void 0)))
1653428116376	Marionette	INFO	Listening on port 50614
Read port: 50614
1653428116549	RemoteAgent	WARN	TLS certificate errors will be ignored for this session
console.warn: LoginRecipes: "getRecipes: falling back to a synchronous message for:" "http://localhost:50590"
1653428116881	Marionette	INFO	Stopped listening on port 50614
JavaScript error: resource://services-settings/Utils.jsm, line 153: TypeError: NetworkError: Network request failed
1653428152994	geckodriver	INFO	Listening on 127.0.0.1:50650
1653428156024	mozrunner::runner	INFO	Running command: "C:\\Program Files\\Mozilla Firefox\\firefox.exe" "--marionette" "-no-remote" "-profile" "C:\\Users\\chetr\\AppData\\Local\\Temp\\rust_mozprofile8vgwLx"
1653428156509	Marionette	INFO	Marionette enabled
console.warn: SearchSettings: "get: No settings file exists, new profile?" (new NotFoundError("Could not open the file at C:\\Users\\chetr\\AppData\\Local\\Temp\\rust_mozprofile8vgwLx\\search.json.mozlz4", (void 0)))
1653428158864	Marionette	INFO	Listening on port 50675
Read port: 50675
1653428159046	RemoteAgent	WARN	TLS certificate errors will be ignored for this session
console.warn: LoginRecipes: "getRecipes: falling back to a synchronous message for:" "http://localhost:50649"
1653428159403	Marionette	INFO	Stopped listening on port 50675
[Parent 21288, IPC I/O Parent] WARNING: file /builds/worker/checkouts/gecko/ipc/chromium/src/base/process_util_win.cc:167
JavaScript error: resource://services-settings/RemoteSettingsWorker.jsm, line 143: Error: Shutdown, aborting read-only worker requests.
1653428187375	geckodriver	INFO	Listening on 127.0.0.1:50711
1653428190428	mozrunner::runner	INFO	Running command: "C:\\Program Files\\Mozilla Firefox\\firefox.exe" "--marionette" "-no-remote" "-profile" "C:\\Users\\chetr\\AppData\\Local\\Temp\\rust_mozprofiler1BNof"
1653428190917	Marionette	INFO	Marionette enabled
console.warn: SearchSettings: "get: No settings file exists, new profile?" (new NotFoundError("Could not open the file at C:\\Users\\chetr\\AppData\\Local\\Temp\\rust_mozprofiler1BNof\\search.json.mozlz4", (void 0)))
1653428193269	Marionette	INFO	Listening on port 50735
Read port: 50735
1653428193555	RemoteAgent	WARN	TLS certificate errors will be ignored for this session
console.warn: LoginRecipes: "getRecipes: falling back to a synchronous message for:" "http://localhost:50710"
console.warn: LoginRecipes: "getRecipes: falling back to a synchronous message for:" "http://localhost:50710"
1653428194495	Marionette	INFO	Stopped listening on port 50735

###!!! [Parent][PGPUParent] Error: RunMessage(msgname=PGPU::Msg_ShutdownVR) Channel closing: too late to send/recv, messages will be lost

1653428221682	geckodriver	INFO	Listening on 127.0.0.1:50771
1653428224735	mozrunner::runner	INFO	Running command: "C:\\Program Files\\Mozilla Firefox\\firefox.exe" "--marionette" "-no-remote" "-profile" "C:\\Users\\chetr\\AppData\\Local\\Temp\\rust_mozprofilej2Ckmc"
1653428225224	Marionette	INFO	Marionette enabled
console.warn: SearchSettings: "get: No settings file exists, new profile?" (new NotFoundError("Could not open the file at C:\\Users\\chetr\\AppData\\Local\\Temp\\rust_mozprofilej2Ckmc\\search.json.mozlz4", (void 0)))
1653428227621	Marionette	INFO	Listening on port 50795
Read port: 50795
1653428227844	RemoteAgent	WARN	TLS certificate errors will be ignored for this session
console.warn: LoginRecipes: "getRecipes: falling back to a synchronous message for:" "http://localhost:50770"
console.warn: LoginRecipes: "getRecipes: falling back to a synchronous message for:" "http://localhost:50770"
1653428228812	Marionette	INFO	Stopped listening on port 50795
JavaScript error: resource://services-settings/Utils.jsm, line 153: TypeError: NetworkError: Network request failed

###!!! [Parent][PGPUParent] Error: RunMessage(msgname=PGPU::Msg_ShutdownVR) Channel closing: too late to send/recv, messages will be lost

1653432192920	geckodriver	INFO	Listening on 127.0.0.1:51400
1653432195969	mozrunner::runner	INFO	Running command: "C:\\Program Files\\Mozilla Firefox\\firefox.exe" "--marionette" "-no-remote" "-profile" "C:\\Users\\chetr\\AppData\\Local\\Temp\\rust_mozprofileGjUeGN"
1653432196479	Marionette	INFO	Marionette enabled
console.warn: SearchSettings: "get: No settings file exists, new profile?" (new NotFoundError("Could not open the file at C:\\Users\\chetr\\AppData\\Local\\Temp\\rust_mozprofileGjUeGN\\search.json.mozlz4", (void 0)))
1653432198876	Marionette	INFO	Listening on port 51423
Read port: 51423
1653432198928	RemoteAgent	WARN	TLS certificate errors will be ignored for this session
console.warn: LoginRecipes: "getRecipes: falling back to a synchronous message for:" "http://localhost:51399"
console.warn: LoginRecipes: "getRecipes: falling back to a synchronous message for:" "http://localhost:51399"
1653432199959	Marionette	INFO	Stopped listening on port 51423
JavaScript error: resource://services-settings/Utils.jsm, line 153: TypeError: NetworkError: Network request failed
1653432284685	geckodriver	INFO	Listening on 127.0.0.1:51462
1653432287723	mozrunner::runner	INFO	Running command: "C:\\Program Files\\Mozilla Firefox\\firefox.exe" "--marionette" "-no-remote" "-profile" "C:\\Users\\chetr\\AppData\\Local\\Temp\\rust_mozprofile1gSMKi"
1653432288204	Marionette	INFO	Marionette enabled
console.warn: SearchSettings: "get: No settings file exists, new profile?" (new NotFoundError("Could not open the file at C:\\Users\\chetr\\AppData\\Local\\Temp\\rust_mozprofile1gSMKi\\search.json.mozlz4", (void 0)))
1653432290572	Marionette	INFO	Listening on port 51486
Read port: 51486
1653432290675	RemoteAgent	WARN	TLS certificate errors will be ignored for this session
console.warn: LoginRecipes: "getRecipes: falling back to a synchronous message for:" "http://localhost:51461"
console.warn: LoginRecipes: "getRecipes: falling back to a synchronous message for:" "http://localhost:51461"
1653432291578	Marionette	INFO	Stopped listening on port 51486
JavaScript error: resource://services-settings/Utils.jsm, line 153: TypeError: NetworkError: Network request failed

###!!! [Parent][PGPUParent] Error: RunMessage(msgname=PGPU::Msg_ShutdownVR) Channel closing: too late to send/recv, messages will be lost

1653432886735	geckodriver	INFO	Listening on 127.0.0.1:51586
1653432889800	mozrunner::runner	INFO	Running command: "C:\\Program Files\\Mozilla Firefox\\firefox.exe" "--marionette" "-no-remote" "-profile" "C:\\Users\\chetr\\AppData\\Local\\Temp\\rust_mozprofileyEvalM"
1653432890260	Marionette	INFO	Marionette enabled
console.warn: SearchSettings: "get: No settings file exists, new profile?" (new NotFoundError("Could not open the file at C:\\Users\\chetr\\AppData\\Local\\Temp\\rust_mozprofileyEvalM\\search.json.mozlz4", (void 0)))
1653432892451	Marionette	INFO	Listening on port 51610
Read port: 51610
1653432892539	RemoteAgent	WARN	TLS certificate errors will be ignored for this session
console.warn: LoginRecipes: "getRecipes: falling back to a synchronous message for:" "http://localhost:51585"
console.warn: LoginRecipes: "getRecipes: falling back to a synchronous message for:" "http://localhost:51585"
1653432894092	Marionette	INFO	Stopped listening on port 51610

###!!! [Parent][PGPUParent] Error: RunMessage(msgname=PGPU::Msg_ShutdownVR) Channel closing: too late to send/recv, messages will be lost

1653434014443	geckodriver	INFO	Listening on 127.0.0.1:51820
1653434017498	mozrunner::runner	INFO	Running command: "C:\\Program Files\\Mozilla Firefox\\firefox.exe" "--marionette" "-no-remote" "-profile" "C:\\Users\\chetr\\AppData\\Local\\Temp\\rust_mozprofile051K8U"
1653434017980	Marionette	INFO	Marionette enabled
console.warn: SearchSettings: "get: No settings file exists, new profile?" (new NotFoundError("Could not open the file at C:\\Users\\chetr\\AppData\\Local\\Temp\\rust_mozprofile051K8U\\search.json.mozlz4", (void 0)))
1653434020324	Marionette	INFO	Listening on port 51845
Read port: 51845
1653434020646	RemoteAgent	WARN	TLS certificate errors will be ignored for this session
console.warn: LoginRecipes: "getRecipes: falling back to a synchronous message for:" "http://localhost:51819"
console.warn: LoginRecipes: "getRecipes: falling back to a synchronous message for:" "http://localhost:51819"
1653434021580	Marionette	INFO	Stopped listening on port 51845
1653434022549	geckodriver	INFO	Listening on 127.0.0.1:51876
1653434025587	mozrunner::runner	INFO	Running command: "C:\\Program Files\\Mozilla Firefox\\firefox.exe" "--marionette" "-no-remote" "-profile" "C:\\Users\\chetr\\AppData\\Local\\Temp\\rust_mozprofile5ulv6e"
1653434026178	Marionette	INFO	Marionette enabled
console.warn: SearchSettings: "get: No settings file exists, new profile?" (new NotFoundError("Could not open the file at C:\\Users\\chetr\\AppData\\Local\\Temp\\rust_mozprofile5ulv6e\\search.json.mozlz4", (void 0)))
1653434028601	Marionette	INFO	Listening on port 51899
Read port: 51899
1653434028651	RemoteAgent	WARN	TLS certificate errors will be ignored for this session
console.warn: LoginRecipes: "getRecipes: falling back to a synchronous message for:" "http://localhost:51819"
1653434029581	Marionette	INFO	Stopped listening on port 51899
JavaScript error: resource://services-settings/Utils.jsm, line 153: TypeError: NetworkError: Network request failed

###!!! [Parent][PGPUParent] Error: RunMessage(msgname=PGPU::Msg_ShutdownVR) Channel closing: too late to send/recv, messages will be lost

1653435594721	geckodriver	INFO	Listening on 127.0.0.1:52100
1653435597811	mozrunner::runner	INFO	Running command: "C:\\Program Files\\Mozilla Firefox\\firefox.exe" "--marionette" "-no-remote" "-profile" "C:\\Users\\chetr\\AppData\\Local\\Temp\\rust_mozprofile0T0s0X"
1653435598711	Marionette	INFO	Marionette enabled
console.warn: SearchSettings: "get: No settings file exists, new profile?" (new NotFoundError("Could not open the file at C:\\Users\\chetr\\AppData\\Local\\Temp\\rust_mozprofile0T0s0X\\search.json.mozlz4", (void 0)))
1653435602941	Marionette	INFO	Listening on port 52131
Read port: 52131
1653435603073	RemoteAgent	WARN	TLS certificate errors will be ignored for this session
console.warn: LoginRecipes: "getRecipes: falling back to a synchronous message for:" "http://localhost:52099"
1653435604280	Marionette	INFO	Stopped listening on port 52131
JavaScript error: resource://services-settings/Utils.jsm, line 153: TypeError: NetworkError: Network request failed
1653435608334	geckodriver	INFO	Listening on 127.0.0.1:52158
1653435611394	mozrunner::runner	INFO	Running command: "C:\\Program Files\\Mozilla Firefox\\firefox.exe" "--marionette" "-no-remote" "-profile" "C:\\Users\\chetr\\AppData\\Local\\Temp\\rust_mozprofile6NbNuD"
1653435612402	Marionette	INFO	Marionette enabled
console.warn: SearchSettings: "get: No settings file exists, new profile?" (new NotFoundError("Could not open the file at C:\\Users\\chetr\\AppData\\Local\\Temp\\rust_mozprofile6NbNuD\\search.json.mozlz4", (void 0)))
1653435617287	Marionette	INFO	Listening on port 52197
Read port: 52197
1653435617600	RemoteAgent	WARN	TLS certificate errors will be ignored for this session
console.warn: LoginRecipes: "getRecipes: falling back to a synchronous message for:" "http://localhost:52099"
1653435619921	Marionette	INFO	Stopped listening on port 52197
JavaScript error: resource://services-settings/Utils.jsm, line 153: TypeError: NetworkError: Network request failed
JavaScript error: resource://services-settings/RemoteSettingsWorker.jsm, line 143: Error: Shutdown, aborting read-only worker requests.

###!!! [Child][PContentChild] Error: RunMessage(msgname=PHttpChannel::Msg_DeleteSelf) Channel closing: too late to send/recv, messages will be lost

[Parent 14296, IPC I/O Parent] WARNING: pipe error: 232: file /builds/worker/checkouts/gecko/ipc/chromium/src/chrome/common/ipc_channel_win.cc:556
1653435692080	geckodriver	INFO	Listening on 127.0.0.1:52239
1653435695141	mozrunner::runner	INFO	Running command: "C:\\Program Files\\Mozilla Firefox\\firefox.exe" "--marionette" "-no-remote" "-profile" "C:\\Users\\chetr\\AppData\\Local\\Temp\\rust_mozprofileQbWrE8"
1653435696051	Marionette	INFO	Marionette enabled
console.warn: SearchSettings: "get: No settings file exists, new profile?" (new NotFoundError("Could not open the file at C:\\Users\\chetr\\AppData\\Local\\Temp\\rust_mozprofileQbWrE8\\search.json.mozlz4", (void 0)))
1653435700368	Marionette	INFO	Listening on port 52273
Read port: 52273
1653435700646	RemoteAgent	WARN	TLS certificate errors will be ignored for this session
console.warn: LoginRecipes: "getRecipes: falling back to a synchronous message for:" "http://localhost:52238"
1653435702540	Marionette	INFO	Stopped listening on port 52273
JavaScript error: resource://services-settings/Utils.jsm, line 153: TypeError: NetworkError: Network request failed
JavaScript error: resource://services-settings/Utils.jsm, line 153: TypeError: NetworkError: Network request failed
1653435706308	geckodriver	INFO	Listening on 127.0.0.1:52303
1653435709343	mozrunner::runner	INFO	Running command: "C:\\Program Files\\Mozilla Firefox\\firefox.exe" "--marionette" "-no-remote" "-profile" "C:\\Users\\chetr\\AppData\\Local\\Temp\\rust_mozprofileKo20BP"
1653435710770	Marionette	INFO	Marionette enabled
console.warn: SearchSettings: "get: No settings file exists, new profile?" (new NotFoundError("Could not open the file at C:\\Users\\chetr\\AppData\\Local\\Temp\\rust_mozprofileKo20BP\\search.json.mozlz4", (void 0)))
1653435716274	Marionette	INFO	Listening on port 52336
Read port: 52336
1653435716351	RemoteAgent	WARN	TLS certificate errors will be ignored for this session
console.warn: LoginRecipes: "getRecipes: falling back to a synchronous message for:" "http://localhost:52238"
1653435717353	Marionette	INFO	Stopped listening on port 52336
JavaScript error: resource://services-settings/RemoteSettingsWorker.jsm, line 143: Error: Shutdown, aborting read-only worker requests.
1653435823638	geckodriver	INFO	Listening on 127.0.0.1:52383
1653435826707	mozrunner::runner	INFO	Running command: "C:\\Program Files\\Mozilla Firefox\\firefox.exe" "--marionette" "-no-remote" "-profile" "C:\\Users\\chetr\\AppData\\Local\\Temp\\rust_mozprofileHOnIKk"
1653435827651	Marionette	INFO	Marionette enabled
JavaScript error: chrome://browser/content/tabbrowser.js, line 5317: TypeError: this.PictureInPicture is undefined
console.warn: SearchSettings: "get: No settings file exists, new profile?" (new NotFoundError("Could not open the file at C:\\Users\\chetr\\AppData\\Local\\Temp\\rust_mozprofileHOnIKk\\search.json.mozlz4", (void 0)))
JavaScript error: resource:///modules/CustomizableUI.jsm, line 4103: Error: Area not yet restored
JavaScript error: chrome://browser/content/tabbrowser.js, line 5317: TypeError: this.PictureInPicture is undefined
JavaScript error: resource:///modules/CustomizableUI.jsm, line 4103: Error: Area not yet restored
JavaScript error: resource:///modules/CustomizableUI.jsm, line 4832: TypeError: aWindow.gNavToolbox.palette is undefined
[Parent 21308, IPC I/O Parent] WARNING: file /builds/worker/checkouts/gecko/ipc/chromium/src/base/process_util_win.cc:167
1653435865624	geckodriver	INFO	Listening on 127.0.0.1:52427
1653435868699	mozrunner::runner	INFO	Running command: "C:\\Program Files\\Mozilla Firefox\\firefox.exe" "--marionette" "-no-remote" "-profile" "C:\\Users\\chetr\\AppData\\Local\\Temp\\rust_mozprofilefhDfY0"
1653435869868	Marionette	INFO	Marionette enabled
console.warn: SearchSettings: "get: No settings file exists, new profile?" (new NotFoundError("Could not open the file at C:\\Users\\chetr\\AppData\\Local\\Temp\\rust_mozprofilefhDfY0\\search.json.mozlz4", (void 0)))
1653435874614	Marionette	INFO	Listening on port 52462
1653435876694	Marionette	INFO	Stopped listening on port 52462
JavaScript error: resource://gre/modules/UrlClassifierListManager.jsm, line 691: TypeError: this.tablesData[table] is undefined
[Parent 5428, IPC I/O Parent] WARNING: DuplicateHandle failed for handle 0 in TransferHandles: file /builds/worker/checkouts/gecko/ipc/chromium/src/chrome/common/ipc_channel_win.cc:725

###!!! [Parent][PGPUParent] Error: RunMessage(msgname=PGPU::Msg_ShutdownVR) Channel closing: too late to send/recv, messages will be lost

1653435883154	geckodriver	INFO	Listening on 127.0.0.1:52493
1653435886241	mozrunner::runner	INFO	Running command: "C:\\Program Files\\Mozilla Firefox\\firefox.exe" "--marionette" "-no-remote" "-profile" "C:\\Users\\chetr\\AppData\\Local\\Temp\\rust_mozprofilezpdwaG"
1653435887156	Marionette	INFO	Marionette enabled
console.warn: SearchSettings: "get: No settings file exists, new profile?" (new NotFoundError("Could not open the file at C:\\Users\\chetr\\AppData\\Local\\Temp\\rust_mozprofilezpdwaG\\search.json.mozlz4", (void 0)))
1653435891544	Marionette	INFO	Listening on port 52525
Read port: 52525
1653435891702	RemoteAgent	WARN	TLS certificate errors will be ignored for this session
console.warn: LoginRecipes: "getRecipes: falling back to a synchronous message for:" "http://localhost:52492"
1653435893442	Marionette	INFO	Stopped listening on port 52525
JavaScript error: resource://services-settings/Utils.jsm, line 153: TypeError: NetworkError: Network request failed
JavaScript error: resource://services-settings/Utils.jsm, line 153: TypeError: NetworkError: Network request failed
1653435897063	geckodriver	INFO	Listening on 127.0.0.1:52555
1653435900111	mozrunner::runner	INFO	Running command: "C:\\Program Files\\Mozilla Firefox\\firefox.exe" "--marionette" "-no-remote" "-profile" "C:\\Users\\chetr\\AppData\\Local\\Temp\\rust_mozprofilee0sbjr"
1653435901221	Marionette	INFO	Marionette enabled
console.warn: SearchSettings: "get: No settings file exists, new profile?" (new NotFoundError("Could not open the file at C:\\Users\\chetr\\AppData\\Local\\Temp\\rust_mozprofilee0sbjr\\search.json.mozlz4", (void 0)))
1653435905484	Marionette	INFO	Listening on port 52585
Read port: 52585
1653435905550	RemoteAgent	WARN	TLS certificate errors will be ignored for this session
console.warn: LoginRecipes: "getRecipes: falling back to a synchronous message for:" "http://localhost:52492"
1653435906428	Marionette	INFO	Stopped listening on port 52585
JavaScript error: resource://services-settings/Utils.jsm, line 153: TypeError: NetworkError: Network request failed
1653436102048	geckodriver	INFO	Listening on 127.0.0.1:52638
1653436105065	mozrunner::runner	INFO	Running command: "C:\\Program Files\\Mozilla Firefox\\firefox.exe" "--marionette" "-no-remote" "-profile" "C:\\Users\\chetr\\AppData\\Local\\Temp\\rust_mozprofilel9zXcB"
1653436105992	Marionette	INFO	Marionette enabled
console.warn: SearchSettings: "get: No settings file exists, new profile?" (new NotFoundError("Could not open the file at C:\\Users\\chetr\\AppData\\Local\\Temp\\rust_mozprofilel9zXcB\\search.json.mozlz4", (void 0)))
1653436110252	Marionette	INFO	Listening on port 52669
Read port: 52669
1653436110394	RemoteAgent	WARN	TLS certificate errors will be ignored for this session
console.warn: LoginRecipes: "getRecipes: falling back to a synchronous message for:" "http://localhost:52637"
1653436111498	Marionette	INFO	Stopped listening on port 52669
JavaScript error: resource://services-settings/Utils.jsm, line 153: TypeError: NetworkError: Network request failed
JavaScript error: resource://services-settings/Utils.jsm, line 153: TypeError: NetworkError: Network request failed
1653436115239	geckodriver	INFO	Listening on 127.0.0.1:52695
1653436118271	mozrunner::runner	INFO	Running command: "C:\\Program Files\\Mozilla Firefox\\firefox.exe" "--marionette" "-no-remote" "-profile" "C:\\Users\\chetr\\AppData\\Local\\Temp\\rust_mozprofileVxqco7"
1653436119285	Marionette	INFO	Marionette enabled
console.warn: SearchSettings: "get: No settings file exists, new profile?" (new NotFoundError("Could not open the file at C:\\Users\\chetr\\AppData\\Local\\Temp\\rust_mozprofileVxqco7\\search.json.mozlz4", (void 0)))
1653436124551	Marionette	INFO	Listening on port 52732
Read port: 52732
1653436124875	RemoteAgent	WARN	TLS certificate errors will be ignored for this session
console.warn: LoginRecipes: "getRecipes: falling back to a synchronous message for:" "http://localhost:52637"
1653436127612	Marionette	INFO	Stopped listening on port 52732
JavaScript error: resource://services-settings/Utils.jsm, line 153: TypeError: NetworkError: Network request failed

###!!! [Child][PContentChild] Error: RunMessage(msgname=PHttpChannel::Msg_DeleteSelf) Channel closing: too late to send/recv, messages will be lost

1653441867582	geckodriver	INFO	Listening on 127.0.0.1:53539
1653441870627	mozrunner::runner	INFO	Running command: "C:\\Program Files\\Mozilla Firefox\\firefox.exe" "--marionette" "-no-remote" "-profile" "C:\\Users\\chetr\\AppData\\Local\\Temp\\rust_mozprofilerXUGdB"
1653441871111	Marionette	INFO	Marionette enabled
console.warn: SearchSettings: "get: No settings file exists, new profile?" (new NotFoundError("Could not open the file at C:\\Users\\chetr\\AppData\\Local\\Temp\\rust_mozprofilerXUGdB\\search.json.mozlz4", (void 0)))
1653441873476	Marionette	INFO	Listening on port 53563
Read port: 53563
1653441873579	RemoteAgent	WARN	TLS certificate errors will be ignored for this session
1653441873904	Marionette	INFO	Stopped listening on port 53563
JavaScript error: resource://services-settings/RemoteSettingsWorker.jsm, line 46: RemoteSettingsWorkerError: Remote Settings has shut down.
JavaScript error: resource://gre/modules/TerminatorTelemetry.jsm, line 71: AbortError: IOUtils: Shutting down and refusing additional I/O tasks
1653441874924	geckodriver	INFO	Listening on 127.0.0.1:53576
1653441877963	mozrunner::runner	INFO	Running command: "C:\\Program Files\\Mozilla Firefox\\firefox.exe" "--marionette" "-no-remote" "-profile" "C:\\Users\\chetr\\AppData\\Local\\Temp\\rust_mozprofile4qQrPc"
1653441878551	Marionette	INFO	Marionette enabled
console.warn: SearchSettings: "get: No settings file exists, new profile?" (new NotFoundError("Could not open the file at C:\\Users\\chetr\\AppData\\Local\\Temp\\rust_mozprofile4qQrPc\\search.json.mozlz4", (void 0)))
1653441880963	Marionette	INFO	Listening on port 53601
Read port: 53601
1653441881017	RemoteAgent	WARN	TLS certificate errors will be ignored for this session
console.warn: LoginRecipes: "getRecipes: falling back to a synchronous message for:" "http://localhost:53538"
1653441881429	Marionette	INFO	Stopped listening on port 53601
JavaScript error: resource://services-settings/RemoteSettingsWorker.jsm, line 143: Error: Shutdown, aborting read-only worker requests.

###!!! [Parent][PGPUParent] Error: RunMessage(msgname=PGPU::Msg_ShutdownVR) Channel closing: too late to send/recv, messages will be lost

